# JRE version: Java(TM) SE Runtime Environment (7.0_51-b13) (build 1.7.0_51-b13)
# Java VM: Java HotSpot(TM) 64-Bit Server VM (24.51-b03 mixed mode bsd-amd64 compressed oops)
Heap
 PSYoungGen      total 76800K, used 61176K [0x00000007f5500000, 0x00000007fea00000, 0x0000000800000000)
  eden space 67584K, 81% used [0x00000007f5500000,0x00000007f8a9ba20,0x00000007f9700000)
  from space 9216K, 68% used [0x00000007f9700000,0x00000007f9d229d8,0x00000007fa000000)
  to   space 8704K, 0% used [0x00000007fe180000,0x00000007fe180000,0x00000007fea00000)
 ParOldGen       total 87040K, used 11944K [0x00000007e0000000, 0x00000007e5500000, 0x00000007f5500000)
  object space 87040K, 13% used [0x00000007e0000000,0x00000007e0baa388,0x00000007e5500000)
 PSPermGen       total 29696K, used 29291K [0x00000007dae00000, 0x00000007dcb00000, 0x00000007e0000000)
  object space 29696K, 98% used [0x00000007dae00000,0x00000007dca9af28,0x00000007dcb00000)
GC Heap History (10 events):
Event: 12.496 GC heap before
{Heap before GC invocations=3 (full 0):
 PSYoungGen      total 38912K, used 38911K [0x00000007f5500000, 0x00000007f8000000, 0x0000000800000000)
  eden space 33792K, 100% used [0x00000007f5500000,0x00000007f7600000,0x00000007f7600000)
  from space 5120K, 99% used [0x00000007f7b00000,0x00000007f7fffc78,0x00000007f8000000)
  to   space 5120K, 0% used [0x00000007f7600000,0x00000007f7600000,0x00000007f7b00000)
 ParOldGen       total 87040K, used 1528K [0x00000007e0000000, 0x00000007e5500000, 0x00000007f5500000)
  object space 87040K, 1% used [0x00000007e0000000,0x00000007e017e120,0x00000007e5500000)
 PSPermGen       total 21504K, used 15862K [0x00000007dae00000, 0x00000007dc300000, 0x00000007e0000000)
  object space 21504K, 73% used [0x00000007dae00000,0x00000007dbd7d830,0x00000007dc300000)
Event: 12.507 GC heap after
Heap after GC invocations=3 (full 0):
 PSYoungGen      total 38912K, used 5104K [0x00000007f5500000, 0x00000007f8000000, 0x0000000800000000)
  eden space 33792K, 0% used [0x00000007f5500000,0x00000007f5500000,0x00000007f7600000)
  from space 5120K, 99% used [0x00000007f7600000,0x00000007f7afc040,0x00000007f7b00000)
  to   space 5120K, 0% used [0x00000007f7b00000,0x00000007f7b00000,0x00000007f8000000)
 ParOldGen       total 87040K, used 4867K [0x00000007e0000000, 0x00000007e5500000, 0x00000007f5500000)
  object space 87040K, 5% used [0x00000007e0000000,0x00000007e04c0f48,0x00000007e5500000)
 PSPermGen       total 21504K, used 15862K [0x00000007dae00000, 0x00000007dc300000, 0x00000007e0000000)
  object space 21504K, 73% used [0x00000007dae00000,0x00000007dbd7d830,0x00000007dc300000)
}
Event: 12.956 GC heap before
{Heap before GC invocations=4 (full 0):
 PSYoungGen      total 38912K, used 38896K [0x00000007f5500000, 0x00000007f8000000, 0x0000000800000000)
  eden space 33792K, 100% used [0x00000007f5500000,0x00000007f7600000,0x00000007f7600000)
  from space 5120K, 99% used [0x00000007f7600000,0x00000007f7afc040,0x00000007f7b00000)
  to   space 5120K, 0% used [0x00000007f7b00000,0x00000007f7b00000,0x00000007f8000000)
 ParOldGen       total 87040K, used 4867K [0x00000007e0000000, 0x00000007e5500000, 0x00000007f5500000)
  object space 87040K, 5% used [0x00000007e0000000,0x00000007e04c0f48,0x00000007e5500000)
 PSPermGen       total 21504K, used 17266K [0x00000007dae00000, 0x00000007dc300000, 0x00000007e0000000)
  object space 21504K, 80% used [0x00000007dae00000,0x00000007dbedc8c0,0x00000007dc300000)
Event: 12.965 GC heap after
Heap after GC invocations=4 (full 0):
 PSYoungGen      total 38912K, used 5088K [0x00000007f5500000, 0x00000007f8000000, 0x0000000800000000)
  eden space 33792K, 0% used [0x00000007f5500000,0x00000007f5500000,0x00000007f7600000)
  from space 5120K, 99% used [0x00000007f7b00000,0x00000007f7ff8050,0x00000007f8000000)
  to   space 5120K, 0% used [0x00000007f7600000,0x00000007f7600000,0x00000007f7b00000)
 ParOldGen       total 87040K, used 7062K [0x00000007e0000000, 0x00000007e5500000, 0x00000007f5500000)
  object space 87040K, 8% used [0x00000007e0000000,0x00000007e06e5b50,0x00000007e5500000)
 PSPermGen       total 21504K, used 17266K [0x00000007dae00000, 0x00000007dc300000, 0x00000007e0000000)
  object space 21504K, 80% used [0x00000007dae00000,0x00000007dbedc8c0,0x00000007dc300000)
}
Event: 13.565 GC heap before
{Heap before GC invocations=5 (full 0):
 PSYoungGen      total 38912K, used 38880K [0x00000007f5500000, 0x00000007f8000000, 0x0000000800000000)
  eden space 33792K, 100% used [0x00000007f5500000,0x00000007f7600000,0x00000007f7600000)
  from space 5120K, 99% used [0x00000007f7b00000,0x00000007f7ff8050,0x00000007f8000000)
  to   space 5120K, 0% used [0x00000007f7600000,0x00000007f7600000,0x00000007f7b00000)
 ParOldGen       total 87040K, used 7062K [0x00000007e0000000, 0x00000007e5500000, 0x00000007f5500000)
  object space 87040K, 8% used [0x00000007e0000000,0x00000007e06e5b50,0x00000007e5500000)
 PSPermGen       total 21504K, used 19596K [0x00000007dae00000, 0x00000007dc300000, 0x00000007e0000000)
  object space 21504K, 91% used [0x00000007dae00000,0x00000007dc1231d8,0x00000007dc300000)
Event: 13.579 GC heap after
Heap after GC invocations=5 (full 0):
 PSYoungGen      total 38912K, used 5104K [0x00000007f5500000, 0x00000007fa900000, 0x0000000800000000)
  eden space 33792K, 0% used [0x00000007f5500000,0x00000007f5500000,0x00000007f7600000)
  from space 5120K, 99% used [0x00000007f7600000,0x00000007f7afc040,0x00000007f7b00000)
  to   space 9216K, 0% used [0x00000007fa000000,0x00000007fa000000,0x00000007fa900000)
 ParOldGen       total 87040K, used 9476K [0x00000007e0000000, 0x00000007e5500000, 0x00000007f5500000)
  object space 87040K, 10% used [0x00000007e0000000,0x00000007e09413c0,0x00000007e5500000)
 PSPermGen       total 21504K, used 19596K [0x00000007dae00000, 0x00000007dc300000, 0x00000007e0000000)
  object space 21504K, 91% used [0x00000007dae00000,0x00000007dc1231d8,0x00000007dc300000)
}
Event: 14.287 GC heap before
{Heap before GC invocations=6 (full 0):
 PSYoungGen      total 38912K, used 38896K [0x00000007f5500000, 0x00000007fa900000, 0x0000000800000000)
  eden space 33792K, 100% used [0x00000007f5500000,0x00000007f7600000,0x00000007f7600000)
  from space 5120K, 99% used [0x00000007f7600000,0x00000007f7afc040,0x00000007f7b00000)
  to   space 9216K, 0% used [0x00000007fa000000,0x00000007fa000000,0x00000007fa900000)
 ParOldGen       total 87040K, used 9476K [0x00000007e0000000, 0x00000007e5500000, 0x00000007f5500000)
  object space 87040K, 10% used [0x00000007e0000000,0x00000007e09413c0,0x00000007e5500000)
 PSPermGen       total 21504K, used 20655K [0x00000007dae00000, 0x00000007dc300000, 0x00000007e0000000)
  object space 21504K, 96% used [0x00000007dae00000,0x00000007dc22bc40,0x00000007dc300000)
Event: 14.300 GC heap after
Heap after GC invocations=6 (full 0):
 PSYoungGen      total 76800K, used 6416K [0x00000007f5500000, 0x00000007fa900000, 0x0000000800000000)
  eden space 67584K, 0% used [0x00000007f5500000,0x00000007f5500000,0x00000007f9700000)
  from space 9216K, 69% used [0x00000007fa000000,0x00000007fa6442e0,0x00000007fa900000)
  to   space 9216K, 0% used [0x00000007f9700000,0x00000007f9700000,0x00000007fa000000)
 ParOldGen       total 87040K, used 9484K [0x00000007e0000000, 0x00000007e5500000, 0x00000007f5500000)
  object space 87040K, 10% used [0x00000007e0000000,0x00000007e09433c0,0x00000007e5500000)
 PSPermGen       total 21504K, used 20655K [0x00000007dae00000, 0x00000007dc300000, 0x00000007e0000000)
  object space 21504K, 96% used [0x00000007dae00000,0x00000007dc22bc40,0x00000007dc300000)
}
Event: 19.733 GC heap before
{Heap before GC invocations=7 (full 0):
 PSYoungGen      total 76800K, used 74000K [0x00000007f5500000, 0x00000007fa900000, 0x0000000800000000)
  eden space 67584K, 100% used [0x00000007f5500000,0x00000007f9700000,0x00000007f9700000)
  from space 9216K, 69% used [0x00000007fa000000,0x00000007fa6442e0,0x00000007fa900000)
  to   space 9216K, 0% used [0x00000007f9700000,0x00000007f9700000,0x00000007fa000000)
 ParOldGen       total 87040K, used 9484K [0x00000007e0000000, 0x00000007e5500000, 0x00000007f5500000)
  object space 87040K, 10% used [0x00000007e0000000,0x00000007e09433c0,0x00000007e5500000)
 PSPermGen       total 25600K, used 25156K [0x00000007dae00000, 0x00000007dc700000, 0x00000007e0000000)
  object space 25600K, 98% used [0x00000007dae00000,0x00000007dc6913f8,0x00000007dc700000)
Event: 19.751 GC heap after
Heap after GC invocations=7 (full 0):
 PSYoungGen      total 76800K, used 6282K [0x00000007f5500000, 0x00000007fea00000, 0x0000000800000000)
  eden space 67584K, 0% used [0x00000007f5500000,0x00000007f5500000,0x00000007f9700000)
  from space 9216K, 68% used [0x00000007f9700000,0x00000007f9d229d8,0x00000007fa000000)
  to   space 8704K, 0% used [0x00000007fe180000,0x00000007fe180000,0x00000007fea00000)
 ParOldGen       total 87040K, used 11944K [0x00000007e0000000, 0x00000007e5500000, 0x00000007f5500000)
  object space 87040K, 13% used [0x00000007e0000000,0x00000007e0baa388,0x00000007e5500000)
 PSPermGen       total 25600K, used 25156K [0x00000007dae00000, 0x00000007dc700000, 0x00000007e0000000)
  object space 25600K, 98% used [0x00000007dae00000,0x00000007dc6913f8,0x00000007dc700000)
}

